  [1m[35m (2.0ms)[0m  [1m[35mCREATE DATABASE "baseline_development" ENCODING = 'unicode'[0m
  [1m[35m (0.2ms)[0m  [1m[35mCREATE DATABASE "baseline_test" ENCODING = 'unicode'[0m
  [1m[35m (0.1ms)[0m  [1m[34mSELECT pg_try_advisory_lock(8057200642349234460)[0m
  [1m[36mActiveRecord::SchemaMigration Pluck (1.3ms)[0m  [1m[34mSELECT "schema_migrations"."version" FROM "schema_migrations" ORDER BY "schema_migrations"."version" ASC[0m
  [1m[36mActiveRecord::InternalMetadata Load (12.6ms)[0m  [1m[34mSELECT "ar_internal_metadata".* FROM "ar_internal_metadata" WHERE "ar_internal_metadata"."key" = $1 LIMIT $2[0m  [["key", "environment"], ["LIMIT", 1]]
  [1m[35m (0.2ms)[0m  [1m[34mSELECT pg_advisory_unlock(8057200642349234460)[0m
  [1m[36mActiveRecord::SchemaMigration Pluck (0.2ms)[0m  [1m[34mSELECT "schema_migrations"."version" FROM "schema_migrations" ORDER BY "schema_migrations"."version" ASC[0m
Started GET "/graphql" for 127.0.0.1 at 2024-02-09 16:28:08 -0600
  [1m[36mActiveRecord::SchemaMigration Pluck (0.9ms)[0m  [1m[34mSELECT "schema_migrations"."version" FROM "schema_migrations" ORDER BY "schema_migrations"."version" ASC[0m
  
ActionController::RoutingError (No route matches [GET] "/graphql"):
  
Started GET "/" for 127.0.0.1 at 2024-02-09 16:28:10 -0600
Processing by HomeController#index as HTML
Completed 401 Unauthorized in 11ms (ActiveRecord: 0.0ms | Allocations: 3476)


Started GET "/users/sign_in" for 127.0.0.1 at 2024-02-09 16:28:10 -0600
Processing by Devise::SessionsController#new as HTML
  Rendering layout layouts/application.html.erb
  Rendering /Users/harvinllanes/.rvm/gems/ruby-3.2.2/gems/devise-4.9.2/app/views/devise/sessions/new.html.erb within layouts/application
  Rendered /Users/harvinllanes/.rvm/gems/ruby-3.2.2/gems/devise-4.9.2/app/views/devise/shared/_links.html.erb (Duration: 1.1ms | Allocations: 716)
  Rendered /Users/harvinllanes/.rvm/gems/ruby-3.2.2/gems/devise-4.9.2/app/views/devise/sessions/new.html.erb within layouts/application (Duration: 10.3ms | Allocations: 3879)
  Rendered layout layouts/application.html.erb (Duration: 151.5ms | Allocations: 92430)
Completed 200 OK in 173ms (Views: 153.8ms | ActiveRecord: 4.5ms | Allocations: 100467)


